   Compiling cranelift-isle v0.127.0 (/Users/yona/dev/photomancer/lp-cranelift/cranelift/isle/isle)
   Compiling cranelift-srcgen v0.127.0 (/Users/yona/dev/photomancer/lp-cranelift/cranelift/srcgen)
   Compiling cranelift-codegen-shared v0.127.0 (/Users/yona/dev/photomancer/lp-cranelift/cranelift/codegen/shared)
   Compiling heck v0.5.0
   Compiling libm v0.2.15
   Compiling rustc-std-workspace-alloc v1.0.1
   Compiling foldhash v0.1.3
   Compiling target-lexicon v0.13.0
   Compiling cranelift-bitset v0.127.0 (/Users/yona/dev/photomancer/lp-cranelift/cranelift/bitset)
   Compiling allocator-api2 v0.2.20
   Compiling anyhow v1.0.100
   Compiling smallvec v1.15.1
   Compiling rustc-hash v2.1.1
   Compiling log v0.4.28
   Compiling cranelift-codegen-meta v0.127.0 (/Users/yona/dev/photomancer/lp-cranelift/cranelift/codegen/meta)
   Compiling cranelift-control v0.127.0 (/Users/yona/dev/photomancer/lp-cranelift/cranelift/control)
   Compiling hashbrown v0.15.2
   Compiling scopeguard v1.2.0
warning: unused imports: `Formatter`, `Language`, and `fmtln`
 --> cranelift/codegen/meta/src/lib.rs:4:24
  |
4 | use cranelift_srcgen::{Formatter, Language, error, fmtln};
  |                        ^^^^^^^^^  ^^^^^^^^         ^^^^^
  |
  = note: `#[warn(unused_imports)]` (part of `#[warn(unused)]`) on by default

   Compiling lock_api v0.4.14
   Compiling cranelift-entity v0.127.0 (/Users/yona/dev/photomancer/lp-cranelift/cranelift/entity)
   Compiling cfg-if v1.0.0
   Compiling memchr v2.7.6
   Compiling minimal-lexical v0.2.1
   Compiling critical-section v1.2.0
   Compiling embive-program v40.0.0 (/Users/yona/dev/photomancer/lp-cranelift/apps/embive-program)
   Compiling spinning_top v0.2.5
   Compiling bumpalo v3.16.0
   Compiling cranelift-bforest v0.127.0 (/Users/yona/dev/photomancer/lp-cranelift/cranelift/bforest)
   Compiling linked_list_allocator v0.10.5
   Compiling runtime-embive v40.0.0 (/Users/yona/dev/photomancer/lp-cranelift/crates/runtime-embive)
warning: unused variable: `e`
  --> crates/runtime-embive/src/alloc.rs:85:17
   |
85 |             Err(e) => {
   |                 ^
   |
   = note: `#[warn(unused_variables)]` (part of `#[warn(unused)]`) on by default
help: if this is intentional, prefix it with an underscore
   |
85 |             Err(_e) => {
   |                 +
help: you might have meant to pattern match on the similarly named constant `_`
   |
85 -             Err(e) => {
85 +             Err(alloc::_) => {
   |

warning: value assigned to `size_str_len` is never read
  --> crates/runtime-embive/src/alloc.rs:97:25
   |
97 |                 let mut size_str_len = 0;
   |                         ^^^^^^^^^^^^
   |
   = help: maybe it is overwritten before being read?
   = note: `#[warn(unused_assignments)]` (part of `#[warn(unused)]`) on by default

warning: value assigned to `align_str_len` is never read
   --> crates/runtime-embive/src/alloc.rs:121:25
    |
121 |                 let mut align_str_len = 0;
    |                         ^^^^^^^^^^^^^
    |
    = help: maybe it is overwritten before being read?

   Compiling nom v7.1.3
warning: unused variable: `has_zca`
  --> cranelift/codegen/meta/src/isa/riscv32.rs:73:9
   |
73 |     let has_zca = setting.add_bool(
   |         ^^^^^^^ help: if this is intentional, prefix it with an underscore: `_has_zca`
   |
   = note: `#[warn(unused_variables)]` (part of `#[warn(unused)]`) on by default

warning: unused variable: `has_zcb`
  --> cranelift/codegen/meta/src/isa/riscv32.rs:79:9
   |
79 |     let has_zcb = setting.add_bool(
   |         ^^^^^^^ help: if this is intentional, prefix it with an underscore: `_has_zcb`

warning: unused variable: `has_zcd`
  --> cranelift/codegen/meta/src/isa/riscv32.rs:85:9
   |
85 |     let has_zcd = setting.add_bool(
   |         ^^^^^^^ help: if this is intentional, prefix it with an underscore: `_has_zcd`

warning: unused variable: `has_zcf`
  --> cranelift/codegen/meta/src/isa/riscv32.rs:91:9
   |
91 |     let has_zcf = setting.add_bool(
   |         ^^^^^^^ help: if this is intentional, prefix it with an underscore: `_has_zcf`

warning: unused variable: `src_isa_x64`
  --> cranelift/codegen/meta/src/isle.rs:75:9
   |
75 |     let src_isa_x64 = codegen_crate_dir.join("src").join("isa").join("x64");
   |         ^^^^^^^^^^^ help: if this is intentional, prefix it with an underscore: `_src_isa_x64`

   Compiling wasmtime-internal-jit-icache-coherence v40.0.0 (/Users/yona/dev/photomancer/lp-cranelift/crates/jit-icache-coherence)
warning: `runtime-embive` (lib) generated 3 warnings (run `cargo fix --lib -p runtime-embive` to apply 1 suggestion)
   Compiling regalloc2 v0.13.3
   Compiling wasmtime-internal-math v40.0.0 (/Users/yona/dev/photomancer/lp-cranelift/crates/math)
warning: `cranelift-codegen-meta` (lib) generated 6 warnings (run `cargo fix --lib -p cranelift-codegen-meta` to apply 1 suggestion)
   Compiling cranelift-codegen v0.127.0 (/Users/yona/dev/photomancer/lp-cranelift/cranelift/codegen)
warning: unused import: `HashSet`
  --> cranelift/codegen/src/lib.rs:25:26
   |
25 | use hashbrown::{HashMap, HashSet, hash_map};
   |                          ^^^^^^^
   |
   = note: `#[warn(unused_imports)]` (part of `#[warn(unused)]`) on by default

warning: unused import: `CompiledCode`
  --> cranelift/codegen/src/isa/mod.rs:53:23
   |
53 | use crate::machinst::{CompiledCode, CompiledCodeStencil, TextSectionBuilder};
   |                       ^^^^^^^^^^^^

warning: unused import: `CompiledCode`
  --> cranelift/codegen/src/isa/riscv32/mod.rs:10:5
   |
10 |     CompiledCode, CompiledCodeStencil, MachInst, MachTextSectionBuilder, Reg, SigSet,
   |     ^^^^^^^^^^^^

warning: unused import: `vec`
  --> cranelift/codegen/src/isa/riscv32/mod.rs:16:35
   |
16 | use alloc::{boxed::Box, vec::Vec, vec, format};
   |                                   ^^^

warning: unused import: `format`
  --> cranelift/codegen/src/isa/riscv32/abi.rs:20:18
   |
20 | use alloc::{vec, format};
   |                  ^^^^^^

warning: unused import: `vec`
  --> cranelift/codegen/src/isa/riscv32/inst/mod.rs:17:13
   |
17 | use alloc::{vec, format};
   |             ^^^

warning: unused import: `vec`
  --> cranelift/codegen/src/isa/riscv32/inst/args.rs:12:13
   |
12 | use alloc::{vec, format};
   |             ^^^

warning: unused imports: `VecAluOpRR` and `VecLmul`
 --> cranelift/codegen/src/isa/riscv32/lower/isle.rs:8:40
  |
8 | use self::generated_code::{FpuOPWidth, VecAluOpRR, VecLmul};
  |                                        ^^^^^^^^^^  ^^^^^^^

warning: unused import: `format`
  --> cranelift/codegen/src/isa/riscv32/lower/isle.rs:26:18
   |
26 | use alloc::{vec, format};
   |                  ^^^^^^

warning: unused variable: `f`
   --> cranelift/codegen/src/isa/riscv32/inst/vector.rs:284:19
    |
284 |     fn fmt(&self, f: &mut fmt::Formatter) -> fmt::Result {
    |                   ^ help: if this is intentional, prefix it with an underscore: `_f`
    |
    = note: `#[warn(unused_variables)]` (part of `#[warn(unused)]`) on by default

warning: unused variable: `f`
   --> cranelift/codegen/src/isa/riscv32/inst/vector.rs:312:19
    |
312 |     fn fmt(&self, f: &mut fmt::Formatter) -> fmt::Result {
    |                   ^ help: if this is intentional, prefix it with an underscore: `_f`

warning: unused variable: `f`
   --> cranelift/codegen/src/isa/riscv32/inst/vector.rs:340:19
    |
340 |     fn fmt(&self, f: &mut fmt::Formatter) -> fmt::Result {
    |                   ^ help: if this is intentional, prefix it with an underscore: `_f`

warning: unused variable: `f`
   --> cranelift/codegen/src/isa/riscv32/inst/vector.rs:408:19
    |
408 |     fn fmt(&self, f: &mut fmt::Formatter) -> fmt::Result {
    |                   ^ help: if this is intentional, prefix it with an underscore: `_f`

warning: unused variable: `f`
   --> cranelift/codegen/src/isa/riscv32/inst/vector.rs:432:19
    |
432 |     fn fmt(&self, f: &mut fmt::Formatter) -> fmt::Result {
    |                   ^ help: if this is intentional, prefix it with an underscore: `_f`

   Compiling cranelift-module v0.127.0 (/Users/yona/dev/photomancer/lp-cranelift/cranelift/module)
   Compiling cranelift-frontend v0.127.0 (/Users/yona/dev/photomancer/lp-cranelift/cranelift/frontend)
   Compiling cranelift-jit v0.127.0 (/Users/yona/dev/photomancer/lp-cranelift/cranelift/jit)
warning: unused import: `ModuleError`
 --> cranelift/jit/src/memory/mod.rs:1:24
  |
1 | use cranelift_module::{ModuleError, ModuleResult};
  |                        ^^^^^^^^^^^
  |
  = note: `#[warn(unused_imports)]` (part of `#[warn(unused)]`) on by default

   Compiling lp-toy-lang v40.0.0 (/Users/yona/dev/photomancer/lp-cranelift/crates/lp-toy-lang)
warning: `cranelift-jit` (lib) generated 1 warning (run `cargo fix --lib -p cranelift-jit` to apply 1 suggestion)
warning: `cranelift-codegen` (lib) generated 14 warnings (run `cargo fix --lib -p cranelift-codegen` to apply 9 suggestions)
warning: unused import: `alloc::boxed::Box`
 --> apps/embive-program/src/toy_demo.rs:8:5
  |
8 | use alloc::boxed::Box;
  |     ^^^^^^^^^^^^^^^^^
  |
  = note: `#[warn(unused_imports)]` (part of `#[warn(unused)]`) on by default

warning: unused import: `lp_toy_lang::frontend::Expr`
  --> apps/embive-program/src/toy_demo.rs:28:9
   |
28 |     use lp_toy_lang::frontend::Expr;
   |         ^^^^^^^^^^^^^^^^^^^^^^^^^^^

warning: use of deprecated method `core::panic::PanicInfo::<'a>::payload`: this never returns anything useful
  --> apps/embive-program/src/main.rs:53:37
   |
53 |         if let Some(payload) = info.payload().downcast_ref::<&str>() {
   |                                     ^^^^^^^
   |
   = note: `#[warn(deprecated)]` on by default

warning: unused variable: `total_before`
   --> apps/embive-program/src/toy_demo.rs:141:35
    |
141 |     let (mem_before, peak_before, total_before, count_before) = runtime_embive::get_memory_usage();
    |                                   ^^^^^^^^^^^^ help: if this is intentional, prefix it with an underscore: `_total_before`
    |
    = note: `#[warn(unused_variables)]` (part of `#[warn(unused)]`) on by default

warning: unnecessary `unsafe` block
  --> apps/embive-program/src/toy_demo.rs:52:21
   |
52 |     let heap_size = unsafe {
   |                     ^^^^^^ unnecessary `unsafe` block
   |
   = note: `#[warn(unused_unsafe)]` (part of `#[warn(unused)]`) on by default

warning: unnecessary `unsafe` block
   --> apps/embive-program/src/toy_demo.rs:160:23
    |
160 |     let stack_start = unsafe { core::ptr::addr_of!(__stack_start) as usize };
    |                       ^^^^^^ unnecessary `unsafe` block

warning: unnecessary `unsafe` block
   --> apps/embive-program/src/toy_demo.rs:161:22
    |
161 |     let heap_start = unsafe { core::ptr::addr_of!(__heap_start) as usize };
    |                      ^^^^^^ unnecessary `unsafe` block

warning: unnecessary `unsafe` block
   --> apps/embive-program/src/toy_demo.rs:162:20
    |
162 |     let heap_end = unsafe { core::ptr::addr_of!(__heap_end) as usize };
    |                    ^^^^^^ unnecessary `unsafe` block

warning: `embive-program` (bin "embive-program") generated 8 warnings (run `cargo fix --bin "embive-program"` to apply 2 suggestions)
    Finished `release` profile [optimized] target(s) in 29.96s
